[  2%] Built target gazebo_ros_template
[  4%] Built target gazebo_ros_vacuum_gripper
[  7%] Built target gazebo_ros_hand_of_god
[  9%] Built target gazebo_ros_range
[ 12%] Built target gazebo_ros_planar_move
[ 14%] Built target gazebo_ros_ft_sensor
[ 16%] Built target gazebo_ros_video
[ 19%] Built target gazebo_ros_skid_steer_drive
[ 19%] Built target tf2_msgs_generate_messages_nodejs
[ 21%] Built target gazebo_ros_utils
[ 21%] Built target nav_msgs_generate_messages_eus
[ 21%] Built target bond_generate_messages_py
[ 21%] Built target nodelet_generate_messages_py
[ 21%] Built target bond_generate_messages_nodejs
[ 21%] Built target nodelet_generate_messages_nodejs
[ 21%] Built target rosgraph_msgs_generate_messages_nodejs
[ 21%] Built target roscpp_generate_messages_nodejs
[ 21%] Built target roscpp_generate_messages_eus
[ 21%] Built target rosgraph_msgs_generate_messages_cpp
[ 21%] Built target trajectory_msgs_generate_messages_py
[ 21%] Built target actionlib_generate_messages_eus
[ 21%] Built target rosgraph_msgs_generate_messages_eus
[ 21%] Built target polled_camera_generate_messages_nodejs
[ 21%] Built target bond_generate_messages_cpp
[ 21%] Built target std_srvs_generate_messages_eus
[ 21%] Built target gazebo_msgs_generate_messages_lisp
[ 21%] Built target tf2_msgs_generate_messages_py
[ 21%] Built target dynamic_reconfigure_generate_messages_nodejs
[ 21%] Built target roscpp_generate_messages_py
[ 21%] Built target sensor_msgs_generate_messages_nodejs
[ 21%] Built target actionlib_msgs_generate_messages_lisp
[ 21%] Built target actionlib_msgs_generate_messages_nodejs
[ 21%] Built target tf_generate_messages_py
[ 21%] Built target geometry_msgs_generate_messages_lisp
[ 21%] Built target gazebo_msgs_generate_messages_eus
[ 21%] Built target geometry_msgs_generate_messages_nodejs
[ 21%] Built target dynamic_reconfigure_generate_messages_eus
[ 21%] Built target trajectory_msgs_generate_messages_cpp
[ 21%] Built target trajectory_msgs_generate_messages_eus
[ 21%] Built target std_srvs_generate_messages_cpp
[ 21%] Built target std_msgs_generate_messages_cpp
[ 21%] Built target diagnostic_msgs_generate_messages_cpp
[ 21%] Built target rosgraph_msgs_generate_messages_lisp
[ 21%] Built target nav_msgs_generate_messages_cpp
[ 21%] Built target visualization_msgs_generate_messages_eus
[ 21%] Built target std_msgs_generate_messages_lisp
[ 21%] Built target gazebo_msgs_generate_messages_cpp
[ 21%] Built target std_srvs_generate_messages_lisp
[ 21%] Built target std_msgs_generate_messages_eus
[ 21%] Built target roscpp_generate_messages_lisp
[ 21%] Built target actionlib_generate_messages_lisp
[ 21%] Built target _catkin_empty_exported_target
[ 21%] Built target gazebo_msgs_generate_messages_py
[ 21%] Built target nodelet_generate_messages_lisp
[ 21%] Built target std_msgs_generate_messages_py
[ 21%] Built target std_msgs_generate_messages_nodejs
[ 21%] Built target sensor_msgs_generate_messages_cpp
[ 21%] Built target nav_msgs_generate_messages_nodejs
[ 21%] Built target gazebo_msgs_generate_messages_nodejs
[ 21%] Built target nodelet_generate_messages_eus
[ 21%] Built target diagnostic_msgs_generate_messages_eus
[ 21%] Built target trajectory_msgs_generate_messages_nodejs
[ 21%] Built target geometry_msgs_generate_messages_cpp
[ 21%] Built target trajectory_msgs_generate_messages_lisp
[ 21%] Built target geometry_msgs_generate_messages_eus
[ 21%] Built target tf2_msgs_generate_messages_eus
[ 21%] Built target geometry_msgs_generate_messages_py
[ 21%] Built target bond_generate_messages_lisp
[ 21%] Built target sensor_msgs_generate_messages_eus
[ 21%] Built target tf_generate_messages_eus
[ 21%] Built target visualization_msgs_generate_messages_cpp
[ 21%] Built target roscpp_generate_messages_cpp
[ 21%] Built target tf_generate_messages_lisp
[ 21%] Built target actionlib_msgs_generate_messages_cpp
[ 21%] Built target actionlib_msgs_generate_messages_eus
[ 21%] Built target dynamic_reconfigure_generate_messages_py
[ 21%] Built target actionlib_msgs_generate_messages_py
[ 21%] Built target tf_generate_messages_cpp
[ 21%] Built target actionlib_generate_messages_cpp
[ 21%] Built target tf_generate_messages_nodejs
[ 21%] Built target std_srvs_generate_messages_py
[ 21%] Built target actionlib_generate_messages_nodejs
[ 21%] Built target diagnostic_msgs_generate_messages_lisp
[ 21%] Built target actionlib_generate_messages_py
[ 21%] Built target nav_msgs_generate_messages_lisp
[ 21%] Built target tf2_msgs_generate_messages_cpp
[ 21%] Built target dynamic_reconfigure_generate_messages_lisp
[ 21%] Built target tf2_msgs_generate_messages_lisp
[ 21%] Built target diagnostic_msgs_generate_messages_py
[ 21%] Built target dynamic_reconfigure_generate_messages_cpp
[ 21%] Built target dynamic_reconfigure_gencfg
[ 21%] Built target polled_camera_generate_messages_lisp
[ 21%] Built target polled_camera_generate_messages_cpp
[ 21%] Built target polled_camera_generate_messages_eus
[ 21%] Built target polled_camera_generate_messages_py
[ 21%] Built target diagnostic_msgs_generate_messages_nodejs
[ 21%] Built target visualization_msgs_generate_messages_lisp
[ 21%] Built target rosgraph_msgs_generate_messages_py
[ 21%] Built target visualization_msgs_generate_messages_nodejs
[ 21%] Built target visualization_msgs_generate_messages_py
[ 21%] Built target bond_generate_messages_eus
[ 21%] Built target sensor_msgs_generate_messages_py
[ 21%] Built target std_srvs_generate_messages_nodejs
[ 21%] Built target nav_msgs_generate_messages_py
[ 21%] Built target nodelet_generate_messages_cpp
[ 21%] Built target sensor_msgs_generate_messages_lisp
[ 24%] Built target gazebo_ros_projector
[ 26%] Built target gazebo_ros_f3d
[ 28%] Built target gazebo_ros_tricycle_drive
[ 31%] Built target gazebo_ros_block_laser
[ 33%] Built target MultiCameraPlugin
[ 36%] Built target gazebo_ros_harness
[ 38%] Built target pub_joint_trajectory_test
[ 40%] Built target gazebo_ros_imu_sensor
[ 43%] Built target gazebo_ros_force
[ 45%] Built target gazebo_ros_gpu_laser
[ 48%] Built target gazebo_ros_laser
[ 50%] Built target gazebo_ros_p3d
[ 53%] Built target gazebo_ros_imu
[ 55%] Built target gazebo_ros_bumper
[ 57%] Built target gazebo_ros_diff_drive
[ 60%] Built target gazebo_ros_joint_pose_trajectory
[ 62%] Built target gazebo_ros_joint_state_publisher
[ 68%] Built target gazebo_plugins_gencfg
[ 71%] Built target hokuyo_node
[ 73%] Built target gazebo_ros_camera_utils
[ 75%] Built target vision_reconfigure
[ 78%] Built target gazebo_ros_elevator
[ 79%] [32mBuilding CXX object CMakeFiles/gazebo_ros_multicamera.dir/src/gazebo_ros_multicamera.cpp.o[0m
[ 80%] [32mBuilding CXX object CMakeFiles/gazebo_ros_depth_camera.dir/src/gazebo_ros_depth_camera.cpp.o[0m
[ 81%] [32m[1mLinking CXX shared library /home/vboxuser/catkin_mqp/devel/.private/gazebo_plugins/lib/libgazebo_ros_multicamera.so[0m
[ 81%] Built target gazebo_ros_multicamera
[35m[1mScanning dependencies of target gazebo_ros_openni_kinect[0m
[ 83%] [32mBuilding CXX object CMakeFiles/gazebo_ros_openni_kinect.dir/src/gazebo_ros_openni_kinect.cpp.o[0m
[ 84%] [32m[1mLinking CXX shared library /home/vboxuser/catkin_mqp/devel/.private/gazebo_plugins/lib/libgazebo_ros_depth_camera.so[0m
[ 84%] Built target gazebo_ros_depth_camera
[ 86%] Built target gazebo_ros_wheel_slip
[ 89%] Built target gazebo_ros_prosilica
[ 91%] Built target camera_synchronizer
[ 93%] Built target gazebo_ros_triggered_camera
[ 96%] Built target gazebo_ros_camera
[35m[1mScanning dependencies of target gazebo_ros_triggered_multicamera[0m
[ 97%] [32mBuilding CXX object CMakeFiles/gazebo_ros_triggered_multicamera.dir/src/gazebo_ros_triggered_multicamera.cpp.o[0m
[ 98%] [32m[1mLinking CXX shared library /home/vboxuser/catkin_mqp/devel/.private/gazebo_plugins/lib/libgazebo_ros_openni_kinect.so[0m
[100%] [32m[1mLinking CXX shared library /home/vboxuser/catkin_mqp/devel/.private/gazebo_plugins/lib/libgazebo_ros_triggered_multicamera.so[0m
[100%] Built target gazebo_ros_openni_kinect
[100%] Built target gazebo_ros_triggered_multicamera
