Symlinking /home/vboxuser/catkin_mqp/devel/lib/tut/add_two_ints_client
Symlinking /home/vboxuser/catkin_mqp/devel/lib/tut/talker
Symlinking /home/vboxuser/catkin_mqp/devel/lib/tut/listener
Symlinking /home/vboxuser/catkin_mqp/devel/lib/tut/add_two_ints_server
Symlinking /home/vboxuser/catkin_mqp/devel/lib/python3/dist-packages/tut/__init__.py
Symlinking /home/vboxuser/catkin_mqp/devel/lib/python3/dist-packages/tut/srv/__init__.py
Symlinking /home/vboxuser/catkin_mqp/devel/lib/python3/dist-packages/tut/srv/_AddTwoInts.py
Symlinking /home/vboxuser/catkin_mqp/devel/lib/python3/dist-packages/tut/msg/_Num.py
Symlinking /home/vboxuser/catkin_mqp/devel/lib/python3/dist-packages/tut/msg/__init__.py
Symlinking /home/vboxuser/catkin_mqp/devel/lib/pkgconfig/tut.pc
Symlinking /home/vboxuser/catkin_mqp/devel/share/gennodejs/ros/tut/_index.js
Symlinking /home/vboxuser/catkin_mqp/devel/share/gennodejs/ros/tut/srv/_index.js
Symlinking /home/vboxuser/catkin_mqp/devel/share/gennodejs/ros/tut/srv/AddTwoInts.js
Symlinking /home/vboxuser/catkin_mqp/devel/share/gennodejs/ros/tut/msg/Num.js
Symlinking /home/vboxuser/catkin_mqp/devel/share/gennodejs/ros/tut/msg/_index.js
Symlinking /home/vboxuser/catkin_mqp/devel/share/tut/cmake/tut-msg-paths.cmake
Symlinking /home/vboxuser/catkin_mqp/devel/share/tut/cmake/tutConfig.cmake
Symlinking /home/vboxuser/catkin_mqp/devel/share/tut/cmake/tut-msg-extras.cmake
Symlinking /home/vboxuser/catkin_mqp/devel/share/tut/cmake/tutConfig-version.cmake
Symlinking /home/vboxuser/catkin_mqp/devel/share/roseus/ros/tut/manifest.l
Symlinking /home/vboxuser/catkin_mqp/devel/share/roseus/ros/tut/srv/AddTwoInts.l
Symlinking /home/vboxuser/catkin_mqp/devel/share/roseus/ros/tut/msg/Num.l
Symlinking /home/vboxuser/catkin_mqp/devel/share/common-lisp/ros/tut/srv/_package.lisp
Symlinking /home/vboxuser/catkin_mqp/devel/share/common-lisp/ros/tut/srv/AddTwoInts.lisp
Symlinking /home/vboxuser/catkin_mqp/devel/share/common-lisp/ros/tut/srv/tut-srv.asd
Symlinking /home/vboxuser/catkin_mqp/devel/share/common-lisp/ros/tut/srv/_package_AddTwoInts.lisp
Symlinking /home/vboxuser/catkin_mqp/devel/share/common-lisp/ros/tut/msg/_package.lisp
Symlinking /home/vboxuser/catkin_mqp/devel/share/common-lisp/ros/tut/msg/Num.lisp
Symlinking /home/vboxuser/catkin_mqp/devel/share/common-lisp/ros/tut/msg/_package_Num.lisp
Symlinking /home/vboxuser/catkin_mqp/devel/share/common-lisp/ros/tut/msg/tut-msg.asd
Symlinking /home/vboxuser/catkin_mqp/devel/include/tut/AddTwoInts.h
Symlinking /home/vboxuser/catkin_mqp/devel/include/tut/AddTwoIntsResponse.h
Symlinking /home/vboxuser/catkin_mqp/devel/include/tut/Num.h
Symlinking /home/vboxuser/catkin_mqp/devel/include/tut/AddTwoIntsRequest.h
