Linked: (/home/vboxuser/catkin_mqp/devel/.private/tut/lib/tut/add_two_ints_client, /home/vboxuser/catkin_mqp/devel/lib/tut/add_two_ints_client)
Linked: (/home/vboxuser/catkin_mqp/devel/.private/tut/lib/tut/talker, /home/vboxuser/catkin_mqp/devel/lib/tut/talker)
Linked: (/home/vboxuser/catkin_mqp/devel/.private/tut/lib/tut/listener, /home/vboxuser/catkin_mqp/devel/lib/tut/listener)
Linked: (/home/vboxuser/catkin_mqp/devel/.private/tut/lib/tut/add_two_ints_server, /home/vboxuser/catkin_mqp/devel/lib/tut/add_two_ints_server)
Linked: (/home/vboxuser/catkin_mqp/devel/.private/tut/lib/python3/dist-packages/tut/__init__.py, /home/vboxuser/catkin_mqp/devel/lib/python3/dist-packages/tut/__init__.py)
Linked: (/home/vboxuser/catkin_mqp/devel/.private/tut/lib/python3/dist-packages/tut/srv/__init__.py, /home/vboxuser/catkin_mqp/devel/lib/python3/dist-packages/tut/srv/__init__.py)
Linked: (/home/vboxuser/catkin_mqp/devel/.private/tut/lib/python3/dist-packages/tut/srv/_AddTwoInts.py, /home/vboxuser/catkin_mqp/devel/lib/python3/dist-packages/tut/srv/_AddTwoInts.py)
Linked: (/home/vboxuser/catkin_mqp/devel/.private/tut/lib/python3/dist-packages/tut/msg/_Num.py, /home/vboxuser/catkin_mqp/devel/lib/python3/dist-packages/tut/msg/_Num.py)
Linked: (/home/vboxuser/catkin_mqp/devel/.private/tut/lib/python3/dist-packages/tut/msg/__init__.py, /home/vboxuser/catkin_mqp/devel/lib/python3/dist-packages/tut/msg/__init__.py)
Linked: (/home/vboxuser/catkin_mqp/devel/.private/tut/lib/pkgconfig/tut.pc, /home/vboxuser/catkin_mqp/devel/lib/pkgconfig/tut.pc)
Linked: (/home/vboxuser/catkin_mqp/devel/.private/tut/share/gennodejs/ros/tut/_index.js, /home/vboxuser/catkin_mqp/devel/share/gennodejs/ros/tut/_index.js)
Linked: (/home/vboxuser/catkin_mqp/devel/.private/tut/share/gennodejs/ros/tut/srv/_index.js, /home/vboxuser/catkin_mqp/devel/share/gennodejs/ros/tut/srv/_index.js)
Linked: (/home/vboxuser/catkin_mqp/devel/.private/tut/share/gennodejs/ros/tut/srv/AddTwoInts.js, /home/vboxuser/catkin_mqp/devel/share/gennodejs/ros/tut/srv/AddTwoInts.js)
Linked: (/home/vboxuser/catkin_mqp/devel/.private/tut/share/gennodejs/ros/tut/msg/Num.js, /home/vboxuser/catkin_mqp/devel/share/gennodejs/ros/tut/msg/Num.js)
Linked: (/home/vboxuser/catkin_mqp/devel/.private/tut/share/gennodejs/ros/tut/msg/_index.js, /home/vboxuser/catkin_mqp/devel/share/gennodejs/ros/tut/msg/_index.js)
Linked: (/home/vboxuser/catkin_mqp/devel/.private/tut/share/tut/cmake/tut-msg-paths.cmake, /home/vboxuser/catkin_mqp/devel/share/tut/cmake/tut-msg-paths.cmake)
Linked: (/home/vboxuser/catkin_mqp/devel/.private/tut/share/tut/cmake/tutConfig.cmake, /home/vboxuser/catkin_mqp/devel/share/tut/cmake/tutConfig.cmake)
Linked: (/home/vboxuser/catkin_mqp/devel/.private/tut/share/tut/cmake/tut-msg-extras.cmake, /home/vboxuser/catkin_mqp/devel/share/tut/cmake/tut-msg-extras.cmake)
Linked: (/home/vboxuser/catkin_mqp/devel/.private/tut/share/tut/cmake/tutConfig-version.cmake, /home/vboxuser/catkin_mqp/devel/share/tut/cmake/tutConfig-version.cmake)
Linked: (/home/vboxuser/catkin_mqp/devel/.private/tut/share/roseus/ros/tut/manifest.l, /home/vboxuser/catkin_mqp/devel/share/roseus/ros/tut/manifest.l)
Linked: (/home/vboxuser/catkin_mqp/devel/.private/tut/share/roseus/ros/tut/srv/AddTwoInts.l, /home/vboxuser/catkin_mqp/devel/share/roseus/ros/tut/srv/AddTwoInts.l)
Linked: (/home/vboxuser/catkin_mqp/devel/.private/tut/share/roseus/ros/tut/msg/Num.l, /home/vboxuser/catkin_mqp/devel/share/roseus/ros/tut/msg/Num.l)
Linked: (/home/vboxuser/catkin_mqp/devel/.private/tut/share/common-lisp/ros/tut/srv/_package.lisp, /home/vboxuser/catkin_mqp/devel/share/common-lisp/ros/tut/srv/_package.lisp)
Linked: (/home/vboxuser/catkin_mqp/devel/.private/tut/share/common-lisp/ros/tut/srv/AddTwoInts.lisp, /home/vboxuser/catkin_mqp/devel/share/common-lisp/ros/tut/srv/AddTwoInts.lisp)
Linked: (/home/vboxuser/catkin_mqp/devel/.private/tut/share/common-lisp/ros/tut/srv/tut-srv.asd, /home/vboxuser/catkin_mqp/devel/share/common-lisp/ros/tut/srv/tut-srv.asd)
Linked: (/home/vboxuser/catkin_mqp/devel/.private/tut/share/common-lisp/ros/tut/srv/_package_AddTwoInts.lisp, /home/vboxuser/catkin_mqp/devel/share/common-lisp/ros/tut/srv/_package_AddTwoInts.lisp)
Linked: (/home/vboxuser/catkin_mqp/devel/.private/tut/share/common-lisp/ros/tut/msg/_package.lisp, /home/vboxuser/catkin_mqp/devel/share/common-lisp/ros/tut/msg/_package.lisp)
Linked: (/home/vboxuser/catkin_mqp/devel/.private/tut/share/common-lisp/ros/tut/msg/Num.lisp, /home/vboxuser/catkin_mqp/devel/share/common-lisp/ros/tut/msg/Num.lisp)
Linked: (/home/vboxuser/catkin_mqp/devel/.private/tut/share/common-lisp/ros/tut/msg/_package_Num.lisp, /home/vboxuser/catkin_mqp/devel/share/common-lisp/ros/tut/msg/_package_Num.lisp)
Linked: (/home/vboxuser/catkin_mqp/devel/.private/tut/share/common-lisp/ros/tut/msg/tut-msg.asd, /home/vboxuser/catkin_mqp/devel/share/common-lisp/ros/tut/msg/tut-msg.asd)
Linked: (/home/vboxuser/catkin_mqp/devel/.private/tut/include/tut/AddTwoInts.h, /home/vboxuser/catkin_mqp/devel/include/tut/AddTwoInts.h)
Linked: (/home/vboxuser/catkin_mqp/devel/.private/tut/include/tut/AddTwoIntsResponse.h, /home/vboxuser/catkin_mqp/devel/include/tut/AddTwoIntsResponse.h)
Linked: (/home/vboxuser/catkin_mqp/devel/.private/tut/include/tut/Num.h, /home/vboxuser/catkin_mqp/devel/include/tut/Num.h)
Linked: (/home/vboxuser/catkin_mqp/devel/.private/tut/include/tut/AddTwoIntsRequest.h, /home/vboxuser/catkin_mqp/devel/include/tut/AddTwoIntsRequest.h)
